Oct 26, 2025 21:29:20.220 [0x7f9ab2ab08] INFO - Plex Tuner Service v1.42.2.10156-f737b826c - Docker Docker Container (LinuxServer.io) aarch64 - build: 
Oct 26, 2025 21:29:20.221 [0x7f9ab2ab08] INFO - Linux version: 6.12.34+rpt-rpi-v8 (#1 SMP PREEMPT Debian 1:6.12.34-1+rpt1~bookworm (2025-06-26)), language: en-US
Oct 26, 2025 21:29:20.221 [0x7f9ab2ab08] INFO - Processor Unknown architecture
Oct 26, 2025 21:29:20.222 [0x7f9ab2ab08] INFO - /usr/lib/plexmediaserver/Plex Tuner Service /usr/lib/plexmediaserver/Resources/Tuner/Private /usr/lib/plexmediaserver/Resources/Tuner/Shared 1.42.2.10156-f737b826c 32600
Oct 26, 2025 21:29:20.216 [0x7f9ca9f890] INFO - [I] broker_t::start...
Oct 26, 2025 21:29:20.249 [0x7f9ca9f890] INFO - [I] device_manager_t::init.
Oct 26, 2025 21:29:20.249 [0x7f9ca9f890] INFO - [I] device_manager_t::init. Initialize provider manager
Oct 26, 2025 21:29:20.250 [0x7f9ca9f890] INFO - [I] device_manager_t::init. Initialize all device auxes
Oct 26, 2025 21:29:20.250 [0x7f9ca9f890] INFO - [I] dvb_device_factory_t::get_aux_list
Oct 26, 2025 21:29:20.250 [0x7f9ca9f890] INFO - [I] tvbutler_aux_t::init
Oct 26, 2025 21:29:20.266 [0x7f9ca9f890] INFO - [I] web_server_t::start. Starting web server on port 32600
Oct 26, 2025 21:29:26.109 [0x7f9a6c7b08] INFO - [I] web_service_t::process_device_discovery
Oct 26, 2025 21:29:26.109 [0x7f9a6c7b08] INFO - [I] device_reactor_t::get_device_list ()
Oct 26, 2025 21:29:28.119 [0x7f9a6c7b08] INFO - [I] SAT2IP - discover_satip_servers(): no servers found
Oct 26, 2025 21:29:28.543 [0x7f9a6c7b08] INFO - [I] v4l::DeviceGetList_impl. getting v4l device list
Oct 26, 2025 21:29:28.576 [0x7f9a6c7b08] INFO - [I] onetv_factory::DeviceGetListEx >>
Oct 26, 2025 21:29:28.579 [0x7f9a6c7b08] WARN - [W] onetv_factory::DeviceGetListEx. libusb_init returned an error -99
Oct 26, 2025 21:31:59.534 [0x7f9ca9f890] INFO - Received SIGINT: Interrupt from keyboard.
Oct 26, 2025 21:31:59.537 [0x7f9ca9f890] INFO - [I] device_manager_t::term
Oct 26, 2025 21:31:59.537 [0x7f9ca9f890] INFO - [I] device_manager_t::term. Stop all devices
Oct 26, 2025 21:31:59.537 [0x7f9ca9f890] INFO - [I] device_manager_t::term. Shut down all device auxes
Oct 26, 2025 21:31:59.537 [0x7f9ca9f890] INFO - [I] tvbutler_aux_t::term
Oct 26, 2025 21:31:59.541 [0x7f9ca9f890] INFO - [I] web_server_t::stop. Web server is stopped
Oct 26, 2025 21:31:59.541 [0x7f9ca9f890] INFO - [I] device_manager_t::term
Oct 26, 2025 21:31:59.541 [0x7f9ca9f890] INFO - [I] device_manager_t::term. Stop all devices
Oct 26, 2025 21:31:59.541 [0x7f9ca9f890] INFO - [I] device_manager_t::term. Shut down all device auxes
Oct 26, 2025 21:31:59.542 [0x7f9ca9f890] INFO - [I] broker_t::shutdown. Shutdown is completed.
