Oct 26, 2025 21:23:57.047 [547571364064] INFO - Plex Media Server v1.42.2.10156-f737b826c - Docker Docker Container (LinuxServer.io) aarch64 - build: linux-aarch64 debian - GMT 05:30
Oct 26, 2025 21:23:57.048 [547571364064] INFO - Linux version: 6.12.34+rpt-rpi-v8, language: en-US
Oct 26, 2025 21:23:57.049 [547571364064] INFO - Processor: 4-core ARM Cortex-A53
Oct 26, 2025 21:23:57.049 [547571364064] INFO - Compiler is - Clang 11.0.1 (https://plex.tv 9b997da8e5b47bdb4a9425b3a3b290be393b4b1f)
Oct 26, 2025 21:23:57.049 [547571364064] INFO - /usr/lib/plexmediaserver/Plex Media Server
Oct 26, 2025 21:23:57.048 [547653906464] DEBUG - BPQ: [Idle] -> [Starting]
Oct 26, 2025 21:23:57.050 [547653906464] DEBUG - FeatureManager: Using cached data for features list
Oct 26, 2025 21:23:57.066 [547653906464] DEBUG - MyPlex: mapping state set to 'Unknown'.
Oct 26, 2025 21:23:57.066 [547653906464] DEBUG - Relay: read 0 cached entries from hosts file
Oct 26, 2025 21:23:57.069 [547653906464] DEBUG - Opening 20 database sessions to library (com.plexapp.plugins.library), SQLite 3.39.4, threadsafe=1
Oct 26, 2025 21:23:57.276 [547653906464] DEBUG - MyPlex: using cached data for request for https://plex.tv/api/v2/server/users/features
Oct 26, 2025 21:23:57.440 [547653906464] DEBUG - [CERT] Subject name is /CN=*.6bdf25e3d9b14c29b1d4d03a9541da2e.plex.direct
Oct 26, 2025 21:23:57.441 [547653906464] DEBUG - [CERT] Installed certificate with fingerprint 32:6e:70:fb:86:f0:23:23:09:42:35:fa:ee:b6:bd:b3:3b:c2:16:03.
Oct 26, 2025 21:23:57.441 [547653906464] DEBUG - [CERT/OCSP] no URL available
Oct 26, 2025 21:23:57.441 [547653906464] WARN - [CERT/OCSP] getCertInfo failed; skipping stapling
Oct 26, 2025 21:23:57.441 [547653906464] DEBUG - HttpServer: Listening on IPv6 as well as IPv4.
Oct 26, 2025 21:23:57.441 [547653906464] DEBUG - HttpServer: Listening on port 32400.
Oct 26, 2025 21:23:57.442 [547653906464] DEBUG - HttpServer: Listening on port 32401.
Oct 26, 2025 21:23:57.442 [547653906464] DEBUG - Running server...
Oct 26, 2025 21:23:57.442 [547553591520] DEBUG - HttpServer: Set up a thread pool with 2 threads.
Oct 26, 2025 21:23:57.443 [547653906464] INFO - Running migrations. (EPG 0)
Oct 26, 2025 21:23:57.446 [547653906464] DEBUG - Captured session 0.
Oct 26, 2025 21:23:57.446 [547653906464] DEBUG - Captured session 1.
Oct 26, 2025 21:23:57.446 [547653906464] DEBUG - Captured session 2.
Oct 26, 2025 21:23:57.446 [547653906464] DEBUG - Captured session 3.
Oct 26, 2025 21:23:57.446 [547653906464] DEBUG - Captured session 4.
Oct 26, 2025 21:23:57.446 [547653906464] DEBUG - Captured session 5.
Oct 26, 2025 21:23:57.446 [547653906464] DEBUG - Captured session 6.
Oct 26, 2025 21:23:57.446 [547653906464] DEBUG - Captured session 7.
Oct 26, 2025 21:23:57.446 [547653906464] DEBUG - Captured session 8.
Oct 26, 2025 21:23:57.446 [547653906464] DEBUG - Captured session 9.
Oct 26, 2025 21:23:57.446 [547653906464] DEBUG - Captured session 10.
Oct 26, 2025 21:23:57.446 [547653906464] DEBUG - Captured session 11.
Oct 26, 2025 21:23:57.446 [547653906464] DEBUG - Captured session 12.
Oct 26, 2025 21:23:57.446 [547653906464] DEBUG - Captured session 13.
Oct 26, 2025 21:23:57.446 [547653906464] DEBUG - Captured session 14.
Oct 26, 2025 21:23:57.446 [547653906464] DEBUG - Captured session 15.
Oct 26, 2025 21:23:57.446 [547653906464] DEBUG - Captured session 16.
Oct 26, 2025 21:23:57.446 [547653906464] DEBUG - Captured session 17.
Oct 26, 2025 21:23:57.446 [547653906464] DEBUG - Captured session 18.
Oct 26, 2025 21:23:57.446 [547653906464] DEBUG - Captured session 19.
Oct 26, 2025 21:23:57.460 [547653906464] DEBUG - ChangestampAllocator: initialized to 0
Oct 26, 2025 21:23:57.460 [547653906464] DEBUG - Opening 2 database sessions to library (com.plexapp.plugins.library.blobs), SQLite 3.39.4, threadsafe=1
Oct 26, 2025 21:23:57.480 [547653906464] INFO - Running migrations. (EPG 0)
Oct 26, 2025 21:23:57.482 [547653906464] DEBUG - Captured session 0.
Oct 26, 2025 21:23:57.482 [547653906464] DEBUG - Captured session 1.
Oct 26, 2025 21:23:57.566 [547566600416] DEBUG - Grabber: Cleaning up orphaned grabs.
Oct 26, 2025 21:23:57.569 [547566600416] DEBUG - Grabber: Cleaned up 0 decrepit directories in 0.0 sec.
Oct 26, 2025 21:23:57.569 [547653906464] DEBUG - Media Provider: Registering provider com.plexapp.plugins.library
Oct 26, 2025 21:23:57.570 [547653906464] DEBUG - Auth: Refreshing tokens inside the token-based authentication filter.
Oct 26, 2025 21:23:57.570 [547653906464] DEBUG - MyPlex: using cached data for request for https://plex.tv/api/v2/server/access_tokens?auth_token=xxxxxxxxxxxxxxxxxxxx
Oct 26, 2025 21:23:57.571 [547653906464] DEBUG - MyPlex: updating with 15 access tokens
Oct 26, 2025 21:23:57.572 [547653906464] DEBUG - MyPlex: using cached data for request for https://plex.tv/api/v2/server/users?auth_token=xxxxxxxxxxxxxxxxxxxx
Oct 26, 2025 21:23:57.572 [547653906464] DEBUG - MyPlex: using cached data for request for https://plex.tv/api/v2/server/users/subscriptions?auth_token=xxxxxxxxxxxxxxxxxxxx
Oct 26, 2025 21:23:57.573 [547653906464] DEBUG - MyPlex: no cached data to load for request for https://plex.tv/api/v2/server/users/services?auth_token=xxxxxxxxxxxxxxxxxxxx
Oct 26, 2025 21:23:57.574 [547566600416] DEBUG - Auth: Refreshing tokens inside the token-based authentication filter.
Oct 26, 2025 21:23:57.574 [547566600416] DEBUG - [HCl#1] HTTP requesting GET https://plex.tv/api/v2/server/access_tokens?auth_token=xxxxxxxxxxxxxxxxxxxx
Oct 26, 2025 21:23:57.576 [547653906464] DEBUG - Opening 1 database sessions to library (), SQLite 3.39.4, threadsafe=1
Oct 26, 2025 21:23:57.586 [547545186528] DEBUG - File "/usr/lib/plexmediaserver/Resources/Plug-ins-f737b826c" changed: -1 => 2025-10-13 15:02:38 (1760347958).
Oct 26, 2025 21:23:57.586 [547545186528] DEBUG - File "/config/Library/Application Support/Plex Media Server/Plug-ins" changed: -1 => 2025-10-26 21:00:29 (1761492629).
Oct 26, 2025 21:23:57.586 [547545186528] DEBUG - Scanning for plug-ins in "/usr/lib/plexmediaserver/Resources/Plug-ins-f737b826c"
Oct 26, 2025 21:23:57.593 [547545186528] DEBUG - Scanning for plug-ins in "/config/Library/Application Support/Plex Media Server/Plug-ins"
Oct 26, 2025 21:23:57.593 [547545186528] DEBUG - PluginRepository::setStartState: 1, startingSystem
Oct 26, 2025 21:23:57.593 [547545186528] DEBUG - Starting plug-in /usr/lib/plexmediaserver/Resources/Plug-ins-f737b826c/System.bundle.
Oct 26, 2025 21:23:57.595 [547545186528] DEBUG - [com.plexapp.system] Setting plug-in to always running (daemon mode).
Oct 26, 2025 21:23:57.597 [547545186528] DEBUG - Starting file watcher for com.plexapp.system
Oct 26, 2025 21:23:57.597 [547545186528] DEBUG - Plugin: setting environment variable: 'PYTHONHOME=/usr/lib/plexmediaserver/Resources/Python'
Oct 26, 2025 21:23:57.597 [547545186528] DEBUG - Plugin: setting environment variable: 'PYTHONPATH=/usr/lib/plexmediaserver/Resources/Python/python27.zip:/usr/lib/plexmediaserver/Resources/Python/lib/python2.7/site-packages'
Oct 26, 2025 21:23:57.600 [547545186528] DEBUG - Spawned plug-in com.plexapp.system with PID 219
Oct 26, 2025 21:23:57.600 [547545186528] DEBUG - [com.plexapp.system] Sending command: GET /:/prefixes
Oct 26, 2025 21:23:57.978 [547558953184] DEBUG - Request: didn't get any data from [::1]:43214: End of file
Oct 26, 2025 21:23:58.819 [547549626592] DEBUG - [HttpClient/HCl#1] HTTP/1.1 (1.2s) 200 response from GET https://plex.tv/api/v2/server/access_tokens?auth_token=xxxxxxxxxxxxxxxxxxxx
Oct 26, 2025 21:23:58.821 [547566600416] DEBUG - MyPlex: updating with 15 access tokens
Oct 26, 2025 21:23:58.823 [547566600416] DEBUG - [HCl#2] HTTP requesting GET https://plex.tv/api/v2/server/users?auth_token=xxxxxxxxxxxxxxxxxxxx
Oct 26, 2025 21:23:59.043 [547538854112] DEBUG - [JobRunner] Job running: /usr/lib/plexmediaserver/CrashUploader "--directory=/config/Library/Application Support/Plex Media Server/Crash Reports/1.42.2.10156-f737b826c" --version=1.42.2.10156-f737b826c --platform=Linux --platformVersion=6.12.34+rpt-rpi-v8 --serverUuid=0ad542dfa553a8e68e686079a0657b0c98909aa4 --userId=testprime2069@gmail.com --sentryUrl=https://o17675.ingest.sentry.io/api/1233455/ --sentryKey=xxxxxxxxxxxxxxxxxxxxxxxxxxxxxxxx --vendor=Docker --model=aarch64 "--device=Docker Container (LinuxServer.io)"
Oct 26, 2025 21:23:59.046 [547538854112] DEBUG - [JobRunner] Jobs: Starting child process with pid 241
Oct 26, 2025 21:23:59.174 [547549626592] DEBUG - [HttpClient/HCl#2] HTTP/1.1 (0.4s) 200 response from GET https://plex.tv/api/v2/server/users?auth_token=xxxxxxxxxxxxxxxxxxxx (reused)
Oct 26, 2025 21:23:59.176 [547540963552] DEBUG - [HCl#3] HTTP requesting GET https://plex.tv/api/v2/server/users/subscriptions?auth_token=xxxxxxxxxxxxxxxxxxxx
Oct 26, 2025 21:23:59.529 [547549626592] DEBUG - [HttpClient/HCl#3] HTTP/1.1 (0.4s) 200 response from GET https://plex.tv/api/v2/server/users/subscriptions?auth_token=xxxxxxxxxxxxxxxxxxxx (reused)
Oct 26, 2025 21:23:59.531 [547540963552] DEBUG - MyPlex: no cached data to load for request for https://plex.tv/api/v2/server/users/services?auth_token=xxxxxxxxxxxxxxxxxxxx
Oct 26, 2025 21:24:01.084 [547569148128] DEBUG - Jobs: '/usr/lib/plexmediaserver/CrashUploader' exit code for process 241 is 0 (success)
Oct 26, 2025 21:24:01.823 [547538854112] DEBUG - [MediaProviderManager] Refreshing media providers
Oct 26, 2025 21:24:01.823 [547538854112] DEBUG - [MediaProviderManager/Response::fetch/HCl#4] HTTP requesting GET https://plex.tv/media/providers
Oct 26, 2025 21:24:02.183 [547549626592] DEBUG - [HttpClient/HCl#4] HTTP/1.1 (0.4s) 200 response from GET https://plex.tv/media/providers (reused)
Oct 26, 2025 21:24:02.184 [547538854112] DEBUG - [MediaProviderManager] discovered cloud provider (Movies & Shows)
Oct 26, 2025 21:24:02.184 [547538854112] DEBUG - [MediaProviderManager] discovered cloud provider (Metadata)
Oct 26, 2025 21:24:02.184 [547566600416] DEBUG - [MediaProviderManager/HCl#5] HTTP requesting GET https://vod.provider.plex.tv?includePreferences=1
Oct 26, 2025 21:24:02.185 [547538854112] DEBUG - [MediaProviderManager] loading cloud provider details (Metadata) (alive: 0)
Oct 26, 2025 21:24:02.374 [547549626592] DEBUG - [HttpClient/HCl#5] HTTP/2.0 (0.2s) 200 response from GET https://vod.provider.plex.tv?includePreferences=1
Oct 26, 2025 21:24:03.319 [547538854112] DEBUG - [MediaProviderManager] loading cloud provider details (Movies & Shows) (alive: 1)
Oct 26, 2025 21:24:03.319 [547538854112] DEBUG - [MediaProviderManager] we had 0 cloud providers online, we now have 2
Oct 26, 2025 21:24:03.319 [547538854112] DEBUG - [MediaProviderManager] cloud provider (Metadata) is online and available
Oct 26, 2025 21:24:03.319 [547538854112] DEBUG - [MediaProviderManager] cloud provider (Movies & Shows) is online and available
Oct 26, 2025 21:24:03.319 [547538854112] DEBUG - [MediaProviderManager/MetadataAgentManager] attempted to online our built-in agents but we're not yet signed in
Oct 26, 2025 21:24:03.319 [547538854112] DEBUG - [MediaProviderManager] Media provider refresh complete
Oct 26, 2025 21:24:05.356 [547534635232] DEBUG - Request: [127.0.0.1:39796 (Loopback)] GET /:/plugins/com.plexapp.system/messaging/function/X0J1bmRsZVNlcnZpY2U6QWxsU2VydmljZXM_/Y2VyZWFsMQoxCmxpc3QKMApyMAo_/Y2VyZWFsMQoxCmRpY3QKMApyMAo_ (3 live) #3 GZIP Token ()
Oct 26, 2025 21:24:05.357 [547558953184] DEBUG - Completed: [127.0.0.1:39796] 503 GET /:/plugins/com.plexapp.system/messaging/function/X0J1bmRsZVNlcnZpY2U6QWxsU2VydmljZXM_/Y2VyZWFsMQoxCmxpc3QKMApyMAo_/Y2VyZWFsMQoxCmRpY3QKMApyMAo_ (3 live) #3 GZIP 8ms 436 bytes
Oct 26, 2025 21:24:05.379 [547534635232] DEBUG - Request: [127.0.0.1:39804 (Loopback)] GET / (3 live) #4 GZIP Token ()
Oct 26, 2025 21:24:05.381 [547558953184] DEBUG - Completed: [127.0.0.1:39804] 503 GET / (3 live) #4 GZIP 2ms 436 bytes
Oct 26, 2025 21:24:07.571 [547536744672] DEBUG - Grabber: Plex Tuner Service not running; retrying in 10 seconds.
Oct 26, 2025 21:24:07.572 [547538854112] DEBUG - [HCl#8] HTTP requesting GET https://plex.tv/api/v2/features?X-Plex-Token=xxxxxxxxxxxxxxxxxxxx
Oct 26, 2025 21:24:07.994 [547549626592] DEBUG - [HttpClient/HCl#8] HTTP/1.1 (0.4s) 200 response from GET https://plex.tv/api/v2/features?X-Plex-Token=xxxxxxxxxxxxxxxxxxxx (reused)
Oct 26, 2025 21:24:08.003 [547538854112] DEBUG - [HCl#9] HTTP requesting GET https://plex.tv/api/v2/server/users/features
Oct 26, 2025 21:24:08.371 [547549626592] DEBUG - [HttpClient/HCl#9] HTTP/1.1 (0.4s) 200 response from GET https://plex.tv/api/v2/server/users/features (reused)
Oct 26, 2025 21:24:09.820 [547556843744] WARN - [CERT] TLS connection from [::ffff:192.168.1.100]:59288 came in with unrecognized plex.direct SNI name '192-168-1-69.f99de4651e034442b89020c4f2e25d73.plex.direct'; using installed plex.direct cert
Oct 26, 2025 21:24:09.844 [547558953184] DEBUG - CERT: incomplete TLS handshake from [::ffff:192.168.1.100]:59288: sslv3 alert certificate unknown (SSL routines)
Oct 26, 2025 21:24:11.899 [547534635232] DEBUG - Request: [127.0.0.1:55550 (Loopback)] GET /servers (4 live) #9 GZIP Token ()
Oct 26, 2025 21:24:11.901 [547556843744] DEBUG - Completed: [127.0.0.1:55550] 503 GET /servers (4 live) #9 GZIP 1ms 436 bytes
Oct 26, 2025 21:24:11.973 [547545186528] DEBUG - Reading 486 bytes in the body, code is 200
Oct 26, 2025 21:24:11.974 [547545186528] DEBUG - [com.plexapp.system] Plug-in running on port 40933.
Oct 26, 2025 21:24:11.974 [547545186528] DEBUG -  * Plug-in handles prefix: /system
Oct 26, 2025 21:24:11.974 [547545186528] DEBUG -  * Plug-in handles prefix: /player
Oct 26, 2025 21:24:11.974 [547545186528] DEBUG - Read configuration for [com.plexapp.system], had 2 prefixes
Oct 26, 2025 21:24:11.975 [547545186528] DEBUG - Done with 1 synchronous plug-in starts, starting the rest in parallel.
Oct 26, 2025 21:24:11.975 [547545186528] DEBUG - PluginRepository::setStartState: 2, startingPlugins
Oct 26, 2025 21:24:11.975 [547545186528] DEBUG - Updating the list of agents known by the system.
Oct 26, 2025 21:24:11.975 [547545186528] DEBUG - [com.plexapp.system] Sending command over HTTP (GET): /system/agents
Oct 26, 2025 21:24:11.975 [547545186528] DEBUG - [HCl#a] HTTP requesting GET http://127.0.0.1:40933/system/agents
Oct 26, 2025 21:24:11.983 [547653906464] DEBUG - Image transcode cache directory: "/config/Library/Application Support/Plex Media Server/Cache/PhotoTranscoder"
Oct 26, 2025 21:24:11.985 [547653906464] DEBUG - Transcoder: Cleaning old transcode directories.
Oct 26, 2025 21:24:11.991 [547653906464] DEBUG - MyPlex: using cached data for request for https://plex.tv/api/v2/server/access_tokens?auth_token=xxxxxxxxxxxxxxxxxxxx
Oct 26, 2025 21:24:11.992 [547653906464] DEBUG - MyPlex: updating with 15 access tokens
Oct 26, 2025 21:24:11.993 [547653906464] DEBUG - MyPlex: using cached data for request for https://plex.tv/api/v2/server/users?auth_token=xxxxxxxxxxxxxxxxxxxx
Oct 26, 2025 21:24:11.994 [547653906464] DEBUG - MyPlex: using cached data for request for https://plex.tv/api/v2/server/users/subscriptions?auth_token=xxxxxxxxxxxxxxxxxxxx
Oct 26, 2025 21:24:11.994 [547653906464] DEBUG - MyPlex: no cached data to load for request for https://plex.tv/api/v2/server/users/services?auth_token=xxxxxxxxxxxxxxxxxxxx
Oct 26, 2025 21:24:11.995 [547653906464] DEBUG - MyPlex: using cached data for request for https://plex.tv/api/v2/user?includeSubscriptions=1&includeProviders=1
Oct 26, 2025 21:24:11.999 [547653906464] DEBUG - MyPlex: username is Ken_kaneki_69, login is testprime2069@gmail.com, home is 0, no pin
Oct 26, 2025 21:24:12.005 [547653906464] DEBUG - MyPlex: stop public ip check and mapping - current mapped state: 'Unknown'.
Oct 26, 2025 21:24:12.005 [547530416352] DEBUG - [HCl#b] HTTP requesting GET https://plex.tv/api/v2/user?includeSubscriptions=1&includeProviders=1
Oct 26, 2025 21:24:12.007 [547653906464] DEBUG - NetworkInterface: Starting watch thread.
Oct 26, 2025 21:24:12.007 [547653906464] DEBUG - Network change.
Oct 26, 2025 21:24:12.007 [547653906464] DEBUG - NetworkInterface: Notified of network changed (force=0)
Oct 26, 2025 21:24:12.007 [547528306912] DEBUG - NetworkInterface: Watching for changes on the interfaces.
Oct 26, 2025 21:24:12.008 [547653906464] DEBUG - Detected primary interface: 172.19.0.3
Oct 26, 2025 21:24:12.008 [547653906464] DEBUG - Network interfaces:
Oct 26, 2025 21:24:12.008 [547653906464] DEBUG -  * 1 lo (127.0.0.1) (00-00-00-00-00-00) (loopback: 1)
Oct 26, 2025 21:24:12.008 [547653906464] DEBUG -  * 2 eth0 (172.19.0.3) (F6-31-C7-BC-7A-0F) (loopback: 0)
Oct 26, 2025 21:24:12.008 [547653906464] DEBUG -  * 1 lo (::1) (00-00-00-00-00-00) (loopback: 1)
Oct 26, 2025 21:24:12.008 [547653906464] DEBUG - Creating NetworkServices singleton.
Oct 26, 2025 21:24:12.009 [547653906464] DEBUG - NetworkServices: Initializing...
Oct 26, 2025 21:24:12.009 [547653906464] DEBUG - NetworkService: Creating new service.
Oct 26, 2025 21:24:12.009 [547653906464] DEBUG - NetworkService: Got notification of changed network (first change: 1)
Oct 26, 2025 21:24:12.009 [547653906464] DEBUG - NetworkService: Quick dispatch of network change.
Oct 26, 2025 21:24:12.009 [547653906464] DEBUG - NetworkService: Creating new service.
Oct 26, 2025 21:24:12.009 [547526197472] DEBUG - Network change for advertiser.
Oct 26, 2025 21:24:12.009 [547653906464] DEBUG - NetworkService: Got notification of changed network (first change: 1)
Oct 26, 2025 21:24:12.009 [547653906464] DEBUG - NetworkService: Quick dispatch of network change.
Oct 26, 2025 21:24:12.009 [547526197472] DEBUG - NetworkService: Setting up multicast listener on 0.0.0.0:32414
Oct 26, 2025 21:24:12.009 [547653906464] DEBUG - NetworkService: Creating new service.
Oct 26, 2025 21:24:12.009 [547653906464] DEBUG - NetworkService: Got notification of changed network (first change: 1)
Oct 26, 2025 21:24:12.009 [547653906464] DEBUG - NetworkService: Quick dispatch of network change.
Oct 26, 2025 21:24:12.009 [547653906464] DEBUG - NetworkService: Creating new service.
Oct 26, 2025 21:24:12.009 [547653906464] DEBUG - NetworkService: Got notification of changed network (first change: 1)
Oct 26, 2025 21:24:12.009 [547653906464] DEBUG - NetworkService: Quick dispatch of network change.
Oct 26, 2025 21:24:12.009 [547653906464] DEBUG - NetworkService: Creating new service.
Oct 26, 2025 21:24:12.009 [547653906464] DEBUG - NetworkService: Got notification of changed network (first change: 1)
Oct 26, 2025 21:24:12.009 [547653906464] DEBUG - NetworkService: Quick dispatch of network change.
Oct 26, 2025 21:24:12.009 [547653906464] DEBUG - NetworkService: Creating new service.
Oct 26, 2025 21:24:12.009 [547653906464] DEBUG - NetworkService: Got notification of changed network (first change: 1)
Oct 26, 2025 21:24:12.009 [547653906464] DEBUG - NetworkService: Quick dispatch of network change.
Oct 26, 2025 21:24:12.010 [547526197472] DEBUG - Network change for advertiser.
Oct 26, 2025 21:24:12.010 [547526197472] DEBUG - NetworkService: Setting up multicast listener on 0.0.0.0:32410
Oct 26, 2025 21:24:12.010 [547526197472] DEBUG - Network change for advertiser.
Oct 26, 2025 21:24:12.010 [547526197472] DEBUG - NetworkService: Setting up multicast listener on 0.0.0.0:32412
Oct 26, 2025 21:24:12.011 [547526197472] DEBUG - NetworkService: Network change for browser (polled=0), closing 0 browse sockets.
Oct 26, 2025 21:24:12.011 [547526197472] DEBUG - NetworkService: Setting up multicast listener on 0.0.0.0:32413
Oct 26, 2025 21:24:12.011 [547526197472] DEBUG - NetworkService: Browsing on interface 127.0.0.1 on broadcast address 127.255.255.255 (index: 0)
Oct 26, 2025 21:24:12.011 [547526197472] DEBUG - NetworkService: Browsing on interface 172.19.0.3 on broadcast address 172.19.255.255 (index: 1)
Oct 26, 2025 21:24:12.011 [547526197472] DEBUG - NetworkService: Network change for browser (polled=1), closing 0 browse sockets.
Oct 26, 2025 21:24:12.011 [547526197472] DEBUG - NetworkService: Browsing on interface 127.0.0.1 on broadcast address 127.255.255.255 (index: 0)
Oct 26, 2025 21:24:12.011 [547526197472] DEBUG - NetworkService: Browsing on interface 172.19.0.3 on broadcast address 172.19.255.255 (index: 1)
Oct 26, 2025 21:24:12.011 [547526197472] DEBUG - NetworkService: Network change for browser (polled=0), closing 0 browse sockets.
Oct 26, 2025 21:24:12.011 [547526197472] DEBUG - NetworkService: Setting up multicast listener on 0.0.0.0:1901
Oct 26, 2025 21:24:12.012 [547526197472] DEBUG - NetworkService: Browsing on interface 172.19.0.3 on broadcast address 239.255.255.250 (index: 0)
Oct 26, 2025 21:24:12.015 [547566600416] DEBUG - [HCl#c] HTTP requesting GET https://plex.tv/api/taas/profile
Oct 26, 2025 21:24:12.017 [547521978592] DEBUG - [DatabaseFixups] Running fix-ups.
Oct 26, 2025 21:24:12.017 [547521978592] DEBUG - [DatabaseFixups/31DatabaseFixupsCleanupRetroGames] Executing fixup
Oct 26, 2025 21:24:12.018 [547521978592] DEBUG - [DatabaseFixups/31DatabaseFixupsCleanupRetroGames] Fixup completed
Oct 26, 2025 21:24:12.018 [547521978592] DEBUG - [DatabaseFixups/39DatabaseFixupsEnsureLibrarySectionUuids] Executing fixup
Oct 26, 2025 21:24:12.019 [547517759712] DEBUG - [HCl#d] HTTP requesting GET https://plex.tv/api/v2/user/privacy?X-Plex-Token=xxxxxxxxxxxxxxxxxxxx
Oct 26, 2025 21:24:12.019 [547515650272] DEBUG - [HCl#e] HTTP requesting GET https://plex.tv/api/v2/features?X-Plex-Token=xxxxxxxxxxxxxxxxxxxx
Oct 26, 2025 21:24:12.021 [547653906464] DEBUG - Waiting for server condition to be signaled.
Oct 26, 2025 21:24:12.021 [547521978592] DEBUG - [DatabaseFixups/39DatabaseFixupsEnsureLibrarySectionUuids] Fixup completed
Oct 26, 2025 21:24:12.021 [547521978592] DEBUG - [DatabaseFixups/38DatabaseFixupsEnsureMetadataItemHashes] Executing fixup
Oct 26, 2025 21:24:12.021 [547536744672] DEBUG - [HCl#f] HTTP requesting GET https://plex.tv/api/v2/release_channels?X-Plex-Token=xxxxxxxxxxxxxxxxxxxx
Oct 26, 2025 21:24:12.021 [547521978592] DEBUG - [DatabaseFixups/38DatabaseFixupsEnsureMetadataItemHashes] Fixup completed
Oct 26, 2025 21:24:12.021 [547521978592] DEBUG - [DatabaseFixups/39DatabaseFixupsSetDefaultAccountLanguage] Executing fixup
Oct 26, 2025 21:24:12.022 [547521978592] DEBUG - [DatabaseFixups/39DatabaseFixupsSetDefaultAccountLanguage] Fixup completed
Oct 26, 2025 21:24:12.022 [547521978592] DEBUG - [DatabaseFixups/52DatabaseFixupsCreateDefaultMediaProcessingTargetTags] Executing fixup
Oct 26, 2025 21:24:12.022 [547507212512] DEBUG - DVR: Starting up.
Oct 26, 2025 21:24:12.024 [547524088032] DEBUG - [ChildProcessMonitor] Plex Tuner Service starting.
Oct 26, 2025 21:24:12.024 [547524088032] DEBUG - [ChildProcessMonitor/JobRunner] Job running: "/usr/lib/plexmediaserver/Plex Tuner Service" /usr/lib/plexmediaserver/Resources/Tuner/Private /usr/lib/plexmediaserver/Resources/Tuner/Shared 1.42.2.10156-f737b826c 32600
Oct 26, 2025 21:24:12.025 [547521978592] DEBUG - [DatabaseFixups/52DatabaseFixupsCreateDefaultMediaProcessingTargetTags] Fixup completed
Oct 26, 2025 21:24:12.025 [547521978592] DEBUG - [DatabaseFixups/43DatabaseFixupsUpdateAutomaticLibraryFolders] Executing fixup
Oct 26, 2025 21:24:12.025 [547521978592] DEBUG - [DatabaseFixups/43DatabaseFixupsUpdateAutomaticLibraryFolders] Fixup completed
Oct 26, 2025 21:24:12.025 [547521978592] DEBUG - [DatabaseFixups/29DatabaseFixupsSyncCollections] Executing fixup
Oct 26, 2025 21:24:12.025 [547507212512] DEBUG - Activity: registered new activity 8211a72f-6518-44a8-9cd1-b5b555f90adb - "Processing subscriptions"
Oct 26, 2025 21:24:12.028 [547524088032] DEBUG - [ChildProcessMonitor/JobRunner] Jobs: Starting child process with pid 289
Oct 26, 2025 21:24:12.029 [547521978592] DEBUG - [DatabaseFixups/29DatabaseFixupsSyncCollections] Fixup completed
Oct 26, 2025 21:24:12.029 [547521978592] DEBUG - [DatabaseFixups/31DatabaseFixupsCleanupActivities] Executing fixup
Oct 26, 2025 21:24:12.031 [547521978592] DEBUG - [DatabaseFixups/31DatabaseFixupsCleanupActivities] Fixup completed
Oct 26, 2025 21:24:12.031 [547521978592] DEBUG - [DatabaseFixups/35DatabaseFixupsConsolidatePeopleTags] Executing fixup
Oct 26, 2025 21:24:12.036 [547521978592] DEBUG - [DatabaseFixups/35DatabaseFixupsConsolidatePeopleTags] Fixup completed
Oct 26, 2025 21:24:12.036 [547521978592] DEBUG - [DatabaseFixups/54DatabaseFixupsGarbageCollectTransientMetadataRelations] Executing fixup
Oct 26, 2025 21:24:12.037 [547521978592] DEBUG - [DatabaseFixups/54DatabaseFixupsGarbageCollectTransientMetadataRelations] Fixup completed
Oct 26, 2025 21:24:12.037 [547521978592] DEBUG - [DatabaseFixups/48DatabaseFixupsResetCorruptedMetadataItemClusters] Executing fixup
Oct 26, 2025 21:24:12.039 [547521978592] DEBUG - [DatabaseFixups/48DatabaseFixupsResetCorruptedMetadataItemClusters] Fixup completed
Oct 26, 2025 21:24:12.039 [547521978592] DEBUG - [DatabaseFixups] Running database fix-ups completed in 0.0 seconds.
Oct 26, 2025 21:24:12.370 [547549626592] DEBUG - [HttpClient/HCl#a] HTTP/1.1 (0.4s) 200 response from GET http://127.0.0.1:40933/system/agents
Oct 26, 2025 21:24:12.370 [547545186528] DEBUG - [com.plexapp.system] HTTP reply status 200, with 8986 bytes of content.
Oct 26, 2025 21:24:12.396 [547545186528] DEBUG - The system knows about 12 agents.
Oct 26, 2025 21:24:12.397 [547502805216] DEBUG - Starting plug-in /usr/lib/plexmediaserver/Resources/Plug-ins-f737b826c/Media-Flags.bundle.
Oct 26, 2025 21:24:12.397 [547504914656] DEBUG - Starting plug-in /usr/lib/plexmediaserver/Resources/Plug-ins-f737b826c/PlexThemeMusic.bundle.
Oct 26, 2025 21:24:12.399 [547500695776] DEBUG - Starting plug-in /usr/lib/plexmediaserver/Resources/Plug-ins-f737b826c/MoviePosterDB.bundle.
Oct 26, 2025 21:24:12.404 [547545186528] DEBUG - Waiting for 16 plug-ins to finish starting.
Oct 26, 2025 21:24:12.409 [547502805216] DEBUG - Starting plug-in /usr/lib/plexmediaserver/Resources/Plug-ins-f737b826c/LocalMedia.bundle.
Oct 26, 2025 21:24:12.409 [547500695776] DEBUG - Perfect cache hit, we don't need to start [com.plexapp.agents.movieposterdb] yet.
Oct 26, 2025 21:24:12.409 [547500695776] DEBUG - Starting plug-in /usr/lib/plexmediaserver/Resources/Plug-ins-f737b826c/TheTVDBv4.bundle.
Oct 26, 2025 21:24:12.425 [547504914656] DEBUG - Perfect cache hit, we don't need to start [com.plexapp.agents.plexthememusic] yet.
Oct 26, 2025 21:24:12.425 [547504914656] DEBUG - Starting plug-in /usr/lib/plexmediaserver/Resources/Plug-ins-f737b826c/LastFM.bundle.
Oct 26, 2025 21:24:12.435 [547502805216] DEBUG - Perfect cache hit, we don't need to start [com.plexapp.agents.localmedia] yet.
Oct 26, 2025 21:24:12.435 [547502805216] DEBUG - Starting plug-in /usr/lib/plexmediaserver/Resources/Plug-ins-f737b826c/PlexMovie.bundle.
Oct 26, 2025 21:24:12.438 [547500695776] DEBUG - Perfect cache hit, we don't need to start [com.plexapp.agents.thetvdb] yet.
Oct 26, 2025 21:24:12.439 [547500695776] DEBUG - Starting plug-in /usr/lib/plexmediaserver/Resources/Plug-ins-f737b826c/HTbackdrops.bundle.
Oct 26, 2025 21:24:12.440 [547504914656] DEBUG - Perfect cache hit, we don't need to start [com.plexapp.agents.lastfm] yet.
Oct 26, 2025 21:24:12.440 [547504914656] DEBUG - Starting plug-in /usr/lib/plexmediaserver/Resources/Plug-ins-f737b826c/TheMovieDB.bundle.
Oct 26, 2025 21:24:12.456 [547504914656] DEBUG - Perfect cache hit, we don't need to start [com.plexapp.agents.themoviedb] yet.
Oct 26, 2025 21:24:12.456 [547504914656] DEBUG - Starting plug-in /usr/lib/plexmediaserver/Resources/Plug-ins-f737b826c/WebClient.bundle.
Oct 26, 2025 21:24:12.456 [547502805216] DEBUG - Perfect cache hit, we don't need to start [com.plexapp.agents.imdb] yet.
Oct 26, 2025 21:24:12.456 [547502805216] DEBUG - Starting plug-in /usr/lib/plexmediaserver/Resources/Plug-ins-f737b826c/Scanners.bundle.
Oct 26, 2025 21:24:12.459 [547500695776] DEBUG - Perfect cache hit, we don't need to start [com.plexapp.agents.htbackdrops] yet.
Oct 26, 2025 21:24:12.459 [547500695776] DEBUG - Starting plug-in /usr/lib/plexmediaserver/Resources/Plug-ins-f737b826c/Musicbrainz.bundle.
Oct 26, 2025 21:24:12.470 [547502805216] DEBUG - Starting plug-in /usr/lib/plexmediaserver/Resources/Plug-ins-f737b826c/Fanart-TV.bundle.
Oct 26, 2025 21:24:12.470 [547504914656] DEBUG - Starting plug-in /usr/lib/plexmediaserver/Resources/Plug-ins-f737b826c/PersonalMedia.bundle.
Oct 26, 2025 21:24:12.478 [547500695776] DEBUG - Perfect cache hit, we don't need to start [org.musicbrainz.agents.music] yet.
Oct 26, 2025 21:24:12.480 [547500695776] DEBUG - Starting plug-in /usr/lib/plexmediaserver/Resources/Plug-ins-f737b826c/Framework.bundle.
Oct 26, 2025 21:24:12.482 [547502805216] DEBUG - Perfect cache hit, we don't need to start [com.plexapp.agents.fanarttv] yet.
Oct 26, 2025 21:24:12.483 [547502805216] DEBUG - Starting plug-in /usr/lib/plexmediaserver/Resources/Plug-ins-f737b826c/LyricFind.bundle.
Oct 26, 2025 21:24:12.491 [547504914656] DEBUG - Perfect cache hit, we don't need to start [com.plexapp.agents.none] yet.
Oct 26, 2025 21:24:12.494 [547502805216] DEBUG - Perfect cache hit, we don't need to start [com.plexapp.agents.lyricfind] yet.
Oct 26, 2025 21:24:12.499 [547545186528] DEBUG - Starting scheduled updates, every 3600 seconds
Oct 26, 2025 21:24:12.499 [547545186528] INFO - LibraryUpdateManager path watching is disabled
Oct 26, 2025 21:24:12.499 [547545186528] DEBUG - Done waiting for all plug-ins to start.
Oct 26, 2025 21:24:12.499 [547545186528] DEBUG - PluginRepository::setStartState: 3, complete
Oct 26, 2025 21:24:12.500 [547509321952] DEBUG - Downloading document http://127.0.0.1:32400/:/plugins/com.plexapp.agents.imdb/prefs
Oct 26, 2025 21:24:12.502 [547509321952] DEBUG - Translator: Found locale da
Oct 26, 2025 21:24:12.502 [547509321952] DEBUG - Translator: Found locale hu
Oct 26, 2025 21:24:12.502 [547509321952] DEBUG - Translator: Found locale lt
Oct 26, 2025 21:24:12.502 [547509321952] DEBUG - Translator: Found locale ko
Oct 26, 2025 21:24:12.502 [547509321952] DEBUG - Translator: Found locale sk
Oct 26, 2025 21:24:12.502 [547509321952] DEBUG - Translator: Found locale ja_JP
Oct 26, 2025 21:24:12.502 [547509321952] DEBUG - Translator: Found locale fr
Oct 26, 2025 21:24:12.502 [547509321952] DEBUG - Translator: Found locale es
Oct 26, 2025 21:24:12.502 [547509321952] DEBUG - Translator: Found locale uk
Oct 26, 2025 21:24:12.502 [547509321952] DEBUG - Translator: Found locale en
Oct 26, 2025 21:24:12.502 [547509321952] DEBUG - Translator: Found locale no
Oct 26, 2025 21:24:12.502 [547509321952] DEBUG - Translator: Found locale pl
Oct 26, 2025 21:24:12.502 [547509321952] DEBUG - Translator: Found locale hu_HU
Oct 26, 2025 21:24:12.502 [547509321952] DEBUG - Translator: Found locale sr
Oct 26, 2025 21:24:12.502 [547509321952] DEBUG - Translator: Found locale pt_BR
Oct 26, 2025 21:24:12.502 [547509321952] DEBUG - Translator: Found locale zh_CN
Oct 26, 2025 21:24:12.502 [547509321952] DEBUG - Translator: Found locale fi
Oct 26, 2025 21:24:12.502 [547509321952] DEBUG - Translator: Found locale pt
Oct 26, 2025 21:24:12.502 [547509321952] DEBUG - Translator: Found locale it
Oct 26, 2025 21:24:12.502 [547509321952] DEBUG - Translator: Found locale sl
Oct 26, 2025 21:24:12.502 [547509321952] DEBUG - Translator: Found locale he
Oct 26, 2025 21:24:12.502 [547509321952] DEBUG - Translator: Found locale nl_BE
Oct 26, 2025 21:24:12.502 [547509321952] DEBUG - Translator: Found locale hr_HR
Oct 26, 2025 21:24:12.502 [547509321952] DEBUG - Translator: Found locale de
Oct 26, 2025 21:24:12.502 [547509321952] DEBUG - Translator: Found locale af
Oct 26, 2025 21:24:12.502 [547509321952] DEBUG - Translator: Found locale nl
Oct 26, 2025 21:24:12.502 [547509321952] DEBUG - Translator: Found locale ru
Oct 26, 2025 21:24:12.502 [547509321952] DEBUG - Translator: Found locale ro
Oct 26, 2025 21:24:12.502 [547509321952] DEBUG - Translator: Found locale cs_CZ
Oct 26, 2025 21:24:12.502 [547509321952] DEBUG - Translator: Found locale et_EE
Oct 26, 2025 21:24:12.502 [547509321952] DEBUG - Translator: Found locale sv
Oct 26, 2025 21:24:12.502 [547509321952] DEBUG - Translator: Found locale ar
Oct 26, 2025 21:24:12.524 [547549626592] DEBUG - [HttpClient/HCl#b] HTTP/1.1 (0.5s) 200 response from GET https://plex.tv/api/v2/user?includeSubscriptions=1&includeProviders=1 (reused)
Oct 26, 2025 21:24:12.542 [547509321952] DEBUG - [Req#c] Starting file watcher for com.plexapp.agents.imdb
Oct 26, 2025 21:24:12.543 [547509321952] DEBUG - [Req#c] Plugin: setting environment variable: 'PYTHONHOME=/usr/lib/plexmediaserver/Resources/Python'
Oct 26, 2025 21:24:12.543 [547509321952] DEBUG - [Req#c] Plugin: setting environment variable: 'PYTHONPATH=/usr/lib/plexmediaserver/Resources/Python/python27.zip:/usr/lib/plexmediaserver/Resources/Python/lib/python2.7/site-packages'
Oct 26, 2025 21:24:12.549 [547509321952] DEBUG - [Req#c] Spawned plug-in com.plexapp.agents.imdb with PID 321
Oct 26, 2025 21:24:12.549 [547509321952] DEBUG - [Req#c] [com.plexapp.agents.imdb] Sending command: GET /:/prefixes
Oct 26, 2025 21:24:12.550 [547540963552] DEBUG - MyPlex: username is Ken_kaneki_69, login is testprime2069@gmail.com, home is 0, no pin
Oct 26, 2025 21:24:12.557 [547530416352] DEBUG - [HCl#10] HTTP requesting GET https://plex.tv/api/v2/geoip
Oct 26, 2025 21:24:12.908 [547549626592] DEBUG - [HttpClient/HCl#10] HTTP/1.1 (0.3s) 200 response from GET https://plex.tv/api/v2/geoip (reused)
Oct 26, 2025 21:24:12.910 [547519869152] DEBUG - [HCl#11] HTTP requesting GET https://plex.tv/api/v2/server/webhooks?X-Plex-Token=xxxxxxxxxxxxxxxxxxxx
Oct 26, 2025 21:24:12.910 [547556843744] DEBUG - [EventSourceClient/pubsub/pubsub.plex.tv:443] Resolving pubsub.plex.tv port 443
Oct 26, 2025 21:24:12.919 [547530416352] DEBUG - [HCl#12] HTTP requesting GET https://plex.tv/api/v2/user/privacy?X-Plex-Token=xxxxxxxxxxxxxxxxxxxx
Oct 26, 2025 21:24:12.933 [547556843744] DEBUG - [EventSourceClient/pubsub/pubsub.plex.tv:443] Resolved pubsub.plex.tv to 139.162.20.120:443
Oct 26, 2025 21:24:13.067 [547549626592] DEBUG - [HttpClient/HCl#d] HTTP/1.1 (1.0s) 200 response from GET https://plex.tv/api/v2/user/privacy?X-Plex-Token=xxxxxxxxxxxxxxxxxxxx
Oct 26, 2025 21:24:13.091 [547549626592] DEBUG - [HttpClient/HCl#f] HTTP/1.1 (1.1s) 200 response from GET https://plex.tv/api/v2/release_channels?X-Plex-Token=xxxxxxxxxxxxxxxxxxxx
Oct 26, 2025 21:24:13.123 [547549626592] DEBUG - [HttpClient/HCl#e] HTTP/1.1 (1.1s) 200 response from GET https://plex.tv/api/v2/features?X-Plex-Token=xxxxxxxxxxxxxxxxxxxx
Oct 26, 2025 21:24:13.131 [547515650272] DEBUG - [HCl#13] HTTP requesting GET https://plex.tv/api/v2/server/users/features
Oct 26, 2025 21:24:13.262 [547558953184] DEBUG - [EventSourceClient/pubsub/pubsub.plex.tv:443] Connected in 328 ms.
Oct 26, 2025 21:24:13.264 [547556843744] DEBUG - [EventSourceClient/pubsub/pubsub.plex.tv:443] Wrote data, reading reply.
Oct 26, 2025 21:24:13.265 [547549626592] DEBUG - [HttpClient/HCl#11] HTTP/1.1 (0.4s) 200 response from GET https://plex.tv/api/v2/server/webhooks?X-Plex-Token=xxxxxxxxxxxxxxxxxxxx (reused)
Oct 26, 2025 21:24:13.319 [547507212512] DEBUG - [MediaProviderManager/MetadataAgentManager] attempted to online our built-in agents but we're not yet signed in
Oct 26, 2025 21:24:13.370 [547549626592] DEBUG - [HttpClient/HCl#c] HTTP/1.1 (1.4s) 200 response from GET https://plex.tv/api/taas/profile
Oct 26, 2025 21:24:13.524 [547549626592] DEBUG - [HttpClient/HCl#13] HTTP/1.1 (0.4s) 200 response from GET https://plex.tv/api/v2/server/users/features (reused)
Oct 26, 2025 21:24:13.915 [547549626592] DEBUG - [HttpClient/HCl#12] HTTP/1.1 (1.0s) 200 response from GET https://plex.tv/api/v2/user/privacy?X-Plex-Token=xxxxxxxxxxxxxxxxxxxx
Oct 26, 2025 21:24:13.924 [547530416352] DEBUG - [HCl#14] HTTP requesting GET https://plex.tv/api/v2/release_channels?X-Plex-Token=xxxxxxxxxxxxxxxxxxxx
Oct 26, 2025 21:24:14.272 [547556843744] DEBUG - [EventSourceClient/pubsub/pubsub.plex.tv:443] Read HTTP reply header.
Oct 26, 2025 21:24:14.273 [547556843744] DEBUG - [EventSourceClient/pubsub/pubsub.plex.tv:443] MyPlex: We appear to have regained Internet connectivity.
Oct 26, 2025 21:24:14.276 [547549626592] DEBUG - [HttpClient/HCl#14] HTTP/1.1 (0.4s) 200 response from GET https://plex.tv/api/v2/release_channels?X-Plex-Token=xxxxxxxxxxxxxxxxxxxx (reused)
Oct 26, 2025 21:24:14.281 [547530416352] DEBUG - [HCl#15] HTTP requesting GET https://plex.tv/api/v2/features?X-Plex-Token=xxxxxxxxxxxxxxxxxxxx
Oct 26, 2025 21:24:14.667 [547556843744] DEBUG - [EventSourceClient/pubsub/pubsub.plex.tv:443] MyPlex: async reachability check - current mapped state: 'Unknown'.
Oct 26, 2025 21:24:14.667 [547556843744] WARN - [EventSourceClient/pubsub/pubsub.plex.tv:443] MyPlex: attempted a reachability check but we're not yet mapped.
Oct 26, 2025 21:24:14.667 [547556843744] DEBUG - [EventSourceClient/pubsub/pubsub.plex.tv:443] Successfully connected to pubsub.plex.tv.
Oct 26, 2025 21:24:14.682 [547549626592] DEBUG - [HttpClient/HCl#15] HTTP/1.1 (0.4s) 200 response from GET https://plex.tv/api/v2/features?X-Plex-Token=xxxxxxxxxxxxxxxxxxxx (reused)
Oct 26, 2025 21:24:14.691 [547530416352] DEBUG - [HCl#16] HTTP requesting GET https://plex.tv/api/v2/server/users/features
Oct 26, 2025 21:24:15.117 [547549626592] DEBUG - [HttpClient/HCl#16] HTTP/1.1 (0.4s) 200 response from GET https://plex.tv/api/v2/server/users/features (reused)
Oct 26, 2025 21:24:15.173 [547530416352] DEBUG - CERT: Certificate will not expire soon; we'll check again in a week.
Oct 26, 2025 21:24:15.174 [547487731936] DEBUG - MyPlex: sendMapping resetting state - previous mapping state: 'Unknown'.
Oct 26, 2025 21:24:15.174 [547487731936] DEBUG - MyPlex: mapping state set to 'Unknown'.
Oct 26, 2025 21:24:15.176 [547530416352] DEBUG - MyPlex: Updating device connections (from timer: 0)
Oct 26, 2025 21:24:15.177 [547487731936] DEBUG - MyPlex: Sending Server Info to myPlex (user=testprime2069@gmail.com, ip=, port=0)
Oct 26, 2025 21:24:15.177 [547530416352] DEBUG - [HCl#17] HTTP requesting PUT https://plex.tv/devices/0ad542dfa553a8e68e686079a0657b0c98909aa4?Connection[][uri]=http://172.19.0.3:32400&httpsEnabled=1&httpsRequired=0&dnsRebindingProtection=0&X-Plex-Token=xxxxxxxxxxxxxxxxxxxx
Oct 26, 2025 21:24:15.177 [547487731936] DEBUG - [HCl#18] HTTP requesting POST https://plex.tv/servers.xml?auth_token=xxxxxxxxxxxxxxxxxxxx
Oct 26, 2025 21:24:15.542 [547549626592] DEBUG - [HttpClient/HCl#17] HTTP/1.1 (0.4s) 200 response from PUT https://plex.tv/devices/0ad542dfa553a8e68e686079a0657b0c98909aa4?Connection[][uri]=http://172.19.0.3:32400&httpsEnabled=1&httpsRequired=0&dnsRebindingProtection=0&X-Plex-Token=xxxxxxxxxxxxxxxxxxxx (reused)
Oct 26, 2025 21:24:15.606 [547549626592] DEBUG - [HttpClient/HCl#18] HTTP/1.1 (0.4s) 422 response from POST https://plex.tv/servers.xml?auth_token=xxxxxxxxxxxxxxxxxxxx (reused)
Oct 26, 2025 21:24:15.607 [547487731936] DEBUG - MyPlex: Published Mapping State response was 422
Oct 26, 2025 21:24:15.607 [547487731936] DEBUG - MyPlex: Got response for 0ad542dfa553a8e68e686079a0657b0c98909aa4 ~ registered :0
Oct 26, 2025 21:24:15.607 [547487731936] DEBUG - MyPlex: updating mapped state - current state: 'Unknown'
Oct 26, 2025 21:24:15.607 [547487731936] DEBUG - MyPlex: mapping state set to 'Mapped - Publishing'.
Oct 26, 2025 21:24:15.607 [547487731936] DEBUG - MyPlex: async reachability check - current mapped state: 'Mapped - Publishing'.
Oct 26, 2025 21:24:15.607 [547487731936] DEBUG - MyPlex: Requesting reachability check.
Oct 26, 2025 21:24:15.607 [547487731936] DEBUG - [HCl#19] HTTP requesting PUT https://plex.tv/api/servers/0ad542dfa553a8e68e686079a0657b0c98909aa4/connectivity?X-Plex-Token=xxxxxxxxxxxxxxxxxxxx&asyncIdentifier=80e9cd07-c9a8-4087-b9c8-97d2fd410c4a
Oct 26, 2025 21:24:15.909 [547538854112] DEBUG - [MediaProviderManager] Refreshing media providers
Oct 26, 2025 21:24:15.910 [547538854112] DEBUG - [MediaProviderManager/Response::fetch/HCl#1a] HTTP requesting GET https://plex.tv/media/providers
Oct 26, 2025 21:24:15.957 [547549626592] DEBUG - [HttpClient/HCl#19] HTTP/1.1 (0.3s) 200 response from PUT https://plex.tv/api/servers/0ad542dfa553a8e68e686079a0657b0c98909aa4/connectivity?X-Plex-Token=xxxxxxxxxxxxxxxxxxxx&asyncIdentifier=80e9cd07-c9a8-4087-b9c8-97d2fd410c4a (reused)
Oct 26, 2025 21:24:16.208 [547558953184] DEBUG - [EventSourceClient/pubsub/pubsub.plex.tv:443] EventSource: Got event [data] '<Message address="" port="0" asyncIdentifier="80e9cd07-c9a8-4087-b9c8-97d2fd410c4a" connectivity="0" command="notifyConnectivity"/>'
Oct 26, 2025 21:24:16.209 [547558953184] DEBUG - [EventSourceClient/pubsub/pubsub.plex.tv:443] PubSub: Got notified of reachability for async identifier 80e9cd07-c9a8-4087-b9c8-97d2fd410c4a: 0 for :0 (responded in 251 ms)
Oct 26, 2025 21:24:16.209 [547558953184] DEBUG - [EventSourceClient/pubsub/pubsub.plex.tv:443] MyPlex: reachability check - current mapping state: 'Mapped - Publishing'.
Oct 26, 2025 21:24:16.209 [547558953184] DEBUG - [EventSourceClient/pubsub/pubsub.plex.tv:443] MyPlex: mapping state set to 'Mapped - Not Published (Not Reachable)'.
Oct 26, 2025 21:24:16.259 [547549626592] DEBUG - [HttpClient/HCl#1a] HTTP/1.1 (0.3s) 200 response from GET https://plex.tv/media/providers (reused)
Oct 26, 2025 21:24:16.260 [547538854112] DEBUG - [MediaProviderManager] discovered cloud provider (Movies & Shows)
Oct 26, 2025 21:24:16.260 [547538854112] DEBUG - [MediaProviderManager] discovered cloud provider (Metadata)
Oct 26, 2025 21:24:16.260 [547538854112] DEBUG - [MediaProviderManager] loading cloud provider details (Metadata) (alive: 1)
Oct 26, 2025 21:24:16.260 [547538854112] DEBUG - [MediaProviderManager] loading cloud provider details (Movies & Shows) (alive: 1)
Oct 26, 2025 21:24:16.260 [547538854112] DEBUG - [MediaProviderManager] we had 2 cloud providers online, we now have 2
Oct 26, 2025 21:24:16.260 [547538854112] DEBUG - [MediaProviderManager] cloud provider (Metadata) is online and available
Oct 26, 2025 21:24:16.260 [547538854112] DEBUG - [MediaProviderManager] cloud provider (Movies & Shows) is online and available
Oct 26, 2025 21:24:16.260 [547538854112] DEBUG - [MediaProviderManager] Media provider refresh complete
Oct 26, 2025 21:24:17.011 [547526197472] DEBUG - [NSB] NetworkServiceBrowser: SERVER arrived: 127.0.0.1 (3d8205c1c4c7)
Oct 26, 2025 21:24:17.012 [547526197472] DEBUG - [NSB] Notifying the system bundle an update to server /system/notify/serverUpdated?host=127.0.0.1
Oct 26, 2025 21:24:17.012 [547526197472] DEBUG - [NSB] [com.plexapp.system] Sending command over HTTP (GET): /system/notify/serverUpdated?host=127.0.0.1
Oct 26, 2025 21:24:17.012 [547526197472] DEBUG - [NSB/HCl#1d] HTTP requesting GET http://127.0.0.1:40933/system/notify/serverUpdated?host=127.0.0.1
Oct 26, 2025 21:24:17.302 [547534635232] DEBUG - Request: [127.0.0.1:55552 (Loopback)] GET /servers (4 live) #a GZIP Signed-in Token (Ken_kaneki_69)
Oct 26, 2025 21:24:17.305 [547556843744] DEBUG - Completed: [127.0.0.1:55552] 200 GET /servers (4 live) #a GZIP 3ms 492 bytes
Oct 26, 2025 21:24:17.330 [547549626592] DEBUG - [HttpClient/HCl#1d] HTTP/1.1 (0.3s) 200 response from GET http://127.0.0.1:40933/system/notify/serverUpdated?host=127.0.0.1
Oct 26, 2025 21:24:17.331 [547526197472] DEBUG - [NSB] [com.plexapp.system] HTTP reply status 200, with 0 bytes of content.
Oct 26, 2025 21:24:17.573 [547494195424] DEBUG - DVR:Device: Discovering and refreshing all devices.
Oct 26, 2025 21:24:17.575 [547494195424] DEBUG - Grabber: HDHomerun discovered 0 compatible devices.
Oct 26, 2025 21:24:17.577 [547494195424] DEBUG - [HCl#1e] HTTP requesting POST http://127.0.0.1:32600/devices/discover
Oct 26, 2025 21:24:17.911 [547513540832] DEBUG - [PubsubServerManager/process/HCl#1f] HTTP requesting GET https://plex.tv/services/pubsub/servers
Oct 26, 2025 21:24:18.261 [547549626592] DEBUG - [HttpClient/HCl#1f] HTTP/1.1 (0.3s) 200 response from GET https://plex.tv/services/pubsub/servers (reused)
Oct 26, 2025 21:24:20.029 [547513540832] DEBUG - [PubsubServerManager/process] Time to connect to 139.162.54.192 was 360 ms.
Oct 26, 2025 21:24:20.029 [547513540832] DEBUG - [PubsubServerManager/process] Time to connect to 178.79.177.129 was 539 ms.
Oct 26, 2025 21:24:20.029 [547513540832] DEBUG - [PubsubServerManager/process] Time to connect to 139.162.158.105 was 549 ms.
Oct 26, 2025 21:24:20.029 [547513540832] DEBUG - [PubsubServerManager/process] Time to connect to 139.162.75.196 was 556 ms.
Oct 26, 2025 21:24:20.029 [547513540832] DEBUG - [PubsubServerManager/process] Time to connect to 45.56.91.121 was 874 ms.
Oct 26, 2025 21:24:20.029 [547513540832] DEBUG - [PubsubServerManager/process] Time to connect to 72.14.179.64 was 893 ms.
Oct 26, 2025 21:24:20.029 [547513540832] DEBUG - [PubsubServerManager/process] Time to connect to 172.105.96.32 was 918 ms.
Oct 26, 2025 21:24:20.029 [547513540832] DEBUG - [PubsubServerManager/process] Time to connect to 66.228.61.220 was 944 ms.
Oct 26, 2025 21:24:20.029 [547513540832] DEBUG - [PubsubServerManager/process] Time to connect to pubsub.plex.tv was 1285 ms.
Oct 26, 2025 21:24:20.029 [547549626592] DEBUG - [HttpClient/HCl#1e] HTTP/1.1 (2.4s) 200 response from POST http://127.0.0.1:32600/devices/discover
Oct 26, 2025 21:24:20.029 [547513540832] DEBUG - [PubsubServerManager/process] Time to connect to 50.116.51.249 was 1762 ms.
Oct 26, 2025 21:24:20.031 [547513540832] DEBUG - [PubsubServerManager/process] Updating best ping time for pubsub.plex.tv to 1285 ms.
Oct 26, 2025 21:24:20.215 [547534635232] DEBUG - Request: [127.0.0.1:55556 (Loopback)] GET /system/messaging/clear_events/com.plexapp.agents.imdb (3 live) #13 GZIP Signed-in Token (Ken_kaneki_69)
Oct 26, 2025 21:24:20.216 [547534635232] DEBUG - [Req#13] [com.plexapp.system] Sending command over HTTP (GET): /system/messaging/clear_events/com.plexapp.agents.imdb
Oct 26, 2025 21:24:20.217 [547534635232] DEBUG - [Req#13/HCl#20] HTTP requesting GET http://127.0.0.1:40933/system/messaging/clear_events/com.plexapp.agents.imdb
Oct 26, 2025 21:24:20.236 [547549626592] DEBUG - [HttpClient/HCl#20] HTTP/1.1 (0.0s) 200 response from GET http://127.0.0.1:40933/system/messaging/clear_events/com.plexapp.agents.imdb (reused)
Oct 26, 2025 21:24:20.236 [547534635232] DEBUG - [Req#13] [com.plexapp.system] HTTP reply status 200, with 0 bytes of content.
Oct 26, 2025 21:24:20.237 [547558953184] DEBUG - Completed: [127.0.0.1:55556] 200 GET /system/messaging/clear_events/com.plexapp.agents.imdb (3 live) #13 GZIP 21ms 280 bytes
Oct 26, 2025 21:24:21.104 [547534635232] DEBUG - Request: [127.0.0.1:55562 (Loopback)] GET /:/plugins/com.plexapp.system/resourceHashes (3 live) #16 GZIP Signed-in Token (Ken_kaneki_69)
Oct 26, 2025 21:24:21.104 [547534635232] DEBUG - [Req#16] [com.plexapp.system] Sending command over HTTP (GET): /:/plugins/com.plexapp.system/resourceHashes
Oct 26, 2025 21:24:21.104 [547534635232] DEBUG - [Req#16/HCl#21] HTTP requesting GET http://127.0.0.1:40933/:/plugins/com.plexapp.system/resourceHashes
Oct 26, 2025 21:24:21.584 [547549626592] DEBUG - [HttpClient/HCl#21] HTTP/1.1 (0.5s) 404 response from GET http://127.0.0.1:40933/:/plugins/com.plexapp.system/resourceHashes
Oct 26, 2025 21:24:21.584 [547534635232] DEBUG - [Req#16] [com.plexapp.system] HTTP reply status 404, with 0 bytes of content.
Oct 26, 2025 21:24:21.585 [547558953184] DEBUG - Completed: [127.0.0.1:55562] 404 GET /:/plugins/com.plexapp.system/resourceHashes (3 live) #16 GZIP 481ms 261 bytes
Oct 26, 2025 21:24:21.656 [547534635232] DEBUG - Request: [127.0.0.1:55578 (Loopback)] GET /:/plugins/com.plexapp.system/messaging/function/X0J1bmRsZVNlcnZpY2U6QWxsU2VydmljZXM_/Y2VyZWFsMQoxCmxpc3QKMApyMAo_/Y2VyZWFsMQoxCmRpY3QKMApyMAo_ (3 live) #18 GZIP Signed-in Token (Ken_kaneki_69)
Oct 26, 2025 21:24:21.657 [547534635232] DEBUG - [Req#18] [com.plexapp.system] Sending command over HTTP (GET): /:/plugins/com.plexapp.system/messaging/function/X0J1bmRsZVNlcnZpY2U6QWxsU2VydmljZXM_/Y2VyZWFsMQoxCmxpc3QKMApyMAo_/Y2VyZWFsMQoxCmRpY3QKMApyMAo_
Oct 26, 2025 21:24:21.657 [547534635232] DEBUG - [Req#18/HCl#22] HTTP requesting GET http://127.0.0.1:40933/:/plugins/com.plexapp.system/messaging/function/X0J1bmRsZVNlcnZpY2U6QWxsU2VydmljZXM_/Y2VyZWFsMQoxCmxpc3QKMApyMAo_/Y2VyZWFsMQoxCmRpY3QKMApyMAo_
Oct 26, 2025 21:24:21.681 [547549626592] DEBUG - [HttpClient/HCl#22] HTTP/1.1 (0.0s) 200 response from GET http://127.0.0.1:40933/:/plugins/com.plexapp.system/messaging/function/X0J1bmRsZVNlcnZpY2U6QWxsU2VydmljZXM_/Y2VyZWFsMQoxCmxpc3QKMApyMAo_/Y2VyZWFsMQoxCmRpY3QKMApyMAo_
Oct 26, 2025 21:24:21.681 [547534635232] DEBUG - [Req#18] [com.plexapp.system] HTTP reply status 200, with 516 bytes of content.
Oct 26, 2025 21:24:21.683 [547558953184] DEBUG - Completed: [127.0.0.1:55578] 200 GET /:/plugins/com.plexapp.system/messaging/function/X0J1bmRsZVNlcnZpY2U6QWxsU2VydmljZXM_/Y2VyZWFsMQoxCmxpc3QKMApyMAo_/Y2VyZWFsMQoxCmRpY3QKMApyMAo_ (3 live) #18 GZIP 26ms 746 bytes
Oct 26, 2025 21:24:21.887 [547534635232] DEBUG - Request: [127.0.0.1:54646 (Loopback)] GET / (3 live) #1a GZIP Signed-in Token (Ken_kaneki_69)
Oct 26, 2025 21:24:21.893 [547556843744] DEBUG - Completed: [127.0.0.1:54646] 200 GET / (3 live) #1a GZIP 6ms 3922 bytes
Oct 26, 2025 21:24:22.031 [547513540832] DEBUG - Grabber: Cleaning up orphaned grabs.
Oct 26, 2025 21:24:22.031 [547513540832] DEBUG - Grabber: Cleaned up 0 decrepit directories in 0.0 sec.
Oct 26, 2025 21:24:22.032 [547513540832] DEBUG - Activity: registered new activity 2a999f17-31ff-4316-8d1e-8d4082c217d6 - "Processing subscriptions"
Oct 26, 2025 21:24:22.032 [547513540832] DEBUG - Subscription: Scheduling subscriptions.
Oct 26, 2025 21:24:22.034 [547513540832] DEBUG - Subscription: Initialized 0 schedulers.
Oct 26, 2025 21:24:22.034 [547513540832] DEBUG - Subscription: Starting with 0 grabs, scheduled 0 active ones preemptively.
Oct 26, 2025 21:24:22.034 [547513540832] DEBUG - Subscription: Scheduled all subscriptions in 1 ms.
Oct 26, 2025 21:24:22.034 [547513540832] DEBUG - Activity: Ended activity 2a999f17-31ff-4316-8d1e-8d4082c217d6.
Oct 26, 2025 21:24:22.035 [547513540832] DEBUG - Subscription: There are 0 active grabs at the end.
Oct 26, 2025 21:24:22.035 [547513540832] DEBUG - Activity: Ended activity 8211a72f-6518-44a8-9cd1-b5b555f90adb.
Oct 26, 2025 21:24:22.035 [547513540832] DEBUG - Subscription: Refreshed all content in 4 ms.
Oct 26, 2025 21:24:22.910 [547566600416] DEBUG - [HCl#23] HTTP requesting GET https://plex.tv/api/resources.xml?includeHttps=1&includeRelay=1&auth_token=xxxxxxxxxxxxxxxxxxxx
Oct 26, 2025 21:24:23.287 [547549626592] DEBUG - [HttpClient/HCl#23] HTTP/1.1 (0.4s) 200 response from GET https://plex.tv/api/resources.xml?includeHttps=1&includeRelay=1&auth_token=xxxxxxxxxxxxxxxxxxxx (reused)
Oct 26, 2025 21:24:23.288 [547566600416] DEBUG - Media Server: Tested all servers in 0.0 seconds.
Oct 26, 2025 21:24:23.322 [547521978592] DEBUG - [MediaProviderManager/MetadataAgentManager] Found media provider for agent provider 'tv.plex.agents.movie' with source URI 'provider://tv.plex.provider.metadata'
Oct 26, 2025 21:24:23.322 [547521978592] DEBUG - [MediaProviderManager/MetadataAgentManager] Found media provider for agent provider 'tv.plex.agents.series' with source URI 'provider://tv.plex.provider.metadata'
Oct 26, 2025 21:24:23.323 [547521978592] DEBUG - [MediaProviderManager/MetadataAgentManager] Found media provider for agent provider 'tv.plex.agents.music' with source URI 'provider://tv.plex.provider.metadata'
Oct 26, 2025 21:24:23.324 [547521978592] DEBUG - [MediaProviderManager/MetadataAgentManager] Found media provider for agent provider 'org.musicbrainz.agents.music' with source URI 'provider://tv.plex.provider.metadata'
Oct 26, 2025 21:24:25.978 [547534635232] DEBUG - Request: [127.0.0.1:54656 (Loopback)] GET /:/plugins/com.plexapp.system/messaging/function/X0FnZW50U2VydmljZTpVcGRhdGVJbmZv/Y2VyZWFsMQoxCmxpc3QKMApyMAo_/Y2VyZWFsMQo3CmRpY3QKbGlzdApkaWN0Cmxpc3QKbGlzdApsaXN0Cmxpc3QKMgpzMjMKY29tLnBsZXhhcHAuYWdlbnRzLmltZGJzMTAKaWRlbnRpZmllcnIxCnMxMAphZ2VudF9pbmZvMQpyMgoxMApyMwpzMTEKbWVkaWFfdHlwZXNyNApzMTIKYWNjZXB0c19mcm9tbnMxNApmYWxsYmFja19hZ2VudHI1CnMxNApjb250cmlidXRlc190b3I2CnM5Cmxhbmd1YWdlc2IxczIwCnBlcnNpc3Rfc3RvcmVkX2ZpbGVzaTAKczcKdmVyc2lvbmIxczE2CnByaW1hcnlfcHJvdmlkZXJiMXM1CnByZWZzczE5ClBsZXggTW92aWUgKExlZ2FjeSlzNApuYW1lMQpzNQpNb3ZpZTEKczI5CmNvbS5wbGV4YXBwLmFnZW50cy5sb2NhbG1lZGlhMQpzMjkKY29tLnBsZXhhcHAuYWdlbnRzLnRoZW1vdmllZGIzMwpzMgplbnMyCnN2czIKZnJzMgplc3MyCm5sczIKZGVzMgppdHMyCmRhczIKYXJzMgpjYXMyCnpoczIKY3NzMgpldHMyCmZpczIKZWxzMgpoZXMyCmhpczIKaHVzMgppZHMyCmphczIKa29zMgpsdnMyCm5vczIKZmFzMgpwbHMyCnB0czIKcm9zMgpydXMyCnNrczIKdGhzMgp0cnMyCnVrczIKdmlyMAo_ (3 live) #1c GZIP Signed-in Token (Ken_kaneki_69)
Oct 26, 2025 21:24:25.979 [547534635232] DEBUG - [Req#1c] [com.plexapp.system] Sending command over HTTP (GET): /:/plugins/com.plexapp.system/messaging/function/X0FnZW50U2VydmljZTpVcGRhdGVJbmZv/Y2VyZWFsMQoxCmxpc3QKMApyMAo_/Y2VyZWFsMQo3CmRpY3QKbGlzdApkaWN0Cmxpc3QKbGlzdApsaXN0Cmxpc3QKMgpzMjMKY29tLnBsZXhhcHAuYWdlbnRzLmltZGJzMTAKaWRlbnRpZmllcnIxCnMxMAphZ2VudF9pbmZvMQpyMgoxMApyMwpzMTEKbWVkaWFfdHlwZXNyNApzMTIKYWNjZXB0c19mcm9tbnMxNApmYWxsYmFja19hZ2VudHI1CnMxNApjb250cmlidXRlc190b3I2CnM5Cmxhbmd1YWdlc2IxczIwCnBlcnNpc3Rfc3RvcmVkX2ZpbGVzaTAKczcKdmVyc2lvbmIxczE2CnByaW1hcnlfcHJvdmlkZXJiMXM1CnByZWZzczE5ClBsZXggTW92aWUgKExlZ2FjeSlzNApuYW1lMQpzNQpNb3ZpZTEKczI5CmNvbS5wbGV4YXBwLmFnZW50cy5sb2NhbG1lZGlhMQpzMjkKY29tLnBsZXhhcHAuYWdlbnRzLnRoZW1vdmllZGIzMwpzMgplbnMyCnN2czIKZnJzMgplc3MyCm5sczIKZGVzMgppdHMyCmRhczIKYXJzMgpjYXMyCnpoczIKY3NzMgpldHMyCmZpczIKZWxzMgpoZXMyCmhpczIKaHVzMgppZHMyCmphczIKa29zMgpsdnMyCm5vczIKZmFzMgpwbHMyCnB0czIKcm9zMgpydXMyCnNrczIKdGhzMgp0cnMyCnVrczIKdmlyMAo_
Oct 26, 2025 21:24:25.980 [547534635232] DEBUG - [Req#1c/HCl#24] HTTP requesting GET http://127.0.0.1:40933/:/plugins/com.plexapp.system/messaging/function/X0FnZW50U2VydmljZTpVcGRhdGVJbmZv/Y2VyZWFsMQoxCmxpc3QKMApyMAo_/Y2VyZWFsMQo3CmRpY3QKbGlzdApkaWN0Cmxpc3QKbGlzdApsaXN0Cmxpc3QKMgpzMjMKY29tLnBsZXhhcHAuYWdlbnRzLmltZGJzMTAKaWRlbnRpZmllcnIxCnMxMAphZ2VudF9pbmZvMQpyMgoxMApyMwpzMTEKbWVkaWFfdHlwZXNyNApzMTIKYWNjZXB0c19mcm9tbnMxNApmYWxsYmFja19hZ2VudHI1CnMxNApjb250cmlidXRlc190b3I2CnM5Cmxhbmd1YWdlc2IxczIwCnBlcnNpc3Rfc3RvcmVkX2ZpbGVzaTAKczcKdmVyc2lvbmIxczE2CnByaW1hcnlfcHJvdmlkZXJiMXM1CnByZWZzczE5ClBsZXggTW92aWUgKExlZ2FjeSlzNApuYW1lMQpzNQpNb3ZpZTEKczI5CmNvbS5wbGV4YXBwLmFnZW50cy5sb2NhbG1lZGlhMQpzMjkKY29tLnBsZXhhcHAuYWdlbnRzLnRoZW1vdmllZGIzMwpzMgplbnMyCnN2czIKZnJzMgplc3MyCm5sczIKZGVzMgppdHMyCmRhczIKYXJzMgpjYXMyCnpoczIKY3NzMgpldHMyCmZpczIKZWxzMgpoZXMyCmhpczIKaHVzMgppZHMyCmphczIKa29zMgpsdnMyCm5vczIKZmFzMgpwbHMyCnB0czIKcm9zMgpydXMyCnNrczIKdGhzMgp0cnMyCnVrczIKdmlyMAo_
Oct 26, 2025 21:24:26.006 [547549626592] DEBUG - [HttpClient/HCl#24] HTTP/1.1 (0.0s) 200 response from GET http://127.0.0.1:40933/:/plugins/com.plexapp.system/messaging/function/X0FnZW50U2VydmljZTpVcGRhdGVJbmZv/Y2VyZWFsMQoxCmxpc3QKMApyMAo_/Y2VyZWFsMQo3CmRpY3QKbGlzdApkaWN0Cmxpc3QKbGlzdApsaXN0Cmxpc3QKMgpzMjMKY29tLnBsZXhhcHAuYWdlbnRzLmltZGJzMTAKaWRlbnRpZmllcnIxCnMxMAphZ2VudF9pbmZvMQpyMgoxMApyMwpzMTEKbWVkaWFfdHlwZXNyNApzMTIKYWNjZXB0c19mcm9tbnMxNApmYWxsYmFja19hZ2VudHI1CnMxNApjb250cmlidXRlc190b3I2CnM5Cmxhbmd1YWdlc2IxczIwCnBlcnNpc3Rfc3RvcmVkX2ZpbGVzaTAKczcKdmVyc2lvbmIxczE2CnByaW1hcnlfcHJvdmlkZXJiMXM1CnByZWZzczE5ClBsZXggTW92aWUgKExlZ2FjeSlzNApuYW1lMQpzNQpNb3ZpZTEKczI5CmNvbS5wbGV4YXBwLmFnZW50cy5sb2NhbG1lZGlhMQpzMjkKY29tLnBsZXhhcHAuYWdlbnRzLnRoZW1vdmllZGIzMwpzMgplbnMyCnN2czIKZnJzMgplc3MyCm5sczIKZGVzMgppdHMyCmRhczIKYXJzMgpjYXMyCnpoczIKY3NzMgpldHMyCmZpczIKZWxzMgpoZXMyCmhpczIKaHVzMgppZHMyCmphczIKa29zMgpsdnMyCm5vczIKZmFzMgpwbHMyCnB0czIKcm9zMgpydXMyCnNrczIKdGhzMgp0cnMyCnVrczIKdmlyMAo_
Oct 26, 2025 21:24:26.006 [547534635232] DEBUG - [Req#1c] [com.plexapp.system] HTTP reply status 200, with 16 bytes of content.
Oct 26, 2025 21:24:26.007 [547556843744] DEBUG - Completed: [127.0.0.1:54656] 200 GET /:/plugins/com.plexapp.system/messaging/function/X0FnZW50U2VydmljZTpVcGRhdGVJbmZv/Y2VyZWFsMQoxCmxpc3QKMApyMAo_/Y2VyZWFsMQo3CmRpY3QKbGlzdApkaWN0Cmxpc3QKbGlzdApsaXN0Cmxpc3QKMgpzMjMKY29tLnBsZXhhcHAuYWdlbnRzLmltZGJzMTAKaWRlbnRpZmllcnIxCnMxMAphZ2VudF9pbmZvMQpyMgoxMApyMwpzMTEKbWVkaWFfdHlwZXNyNApzMTIKYWNjZXB0c19mcm9tbnMxNApmYWxsYmFja19hZ2VudHI1CnMxNApjb250cmlidXRlc190b3I2CnM5Cmxhbmd1YWdlc2IxczIwCnBlcnNpc3Rfc3RvcmVkX2ZpbGVzaTAKczcKdmVyc2lvbmIxczE2CnByaW1hcnlfcHJvdmlkZXJiMXM1CnByZWZzczE5ClBsZXggTW92aWUgKExlZ2FjeSlzNApuYW1lMQpzNQpNb3ZpZTEKczI5CmNvbS5wbGV4YXBwLmFnZW50cy5sb2NhbG1lZGlhMQpzMjkKY29tLnBsZXhhcHAuYWdlbnRzLnRoZW1vdmllZGIzMwpzMgplbnMyCnN2czIKZnJzMgplc3MyCm5sczIKZGVzMgppdHMyCmRhczIKYXJzMgpjYXMyCnpoczIKY3NzMgpldHMyCmZpczIKZWxzMgpoZXMyCmhpczIKaHVzMgppZHMyCmphczIKa29zMgpsdnMyCm5vczIKZmFzMgpwbHMyCnB0czIKcm9zMgpydXMyCnNrczIKdGhzMgp0cnMyCnVrczIKdmlyMAo_ (3 live) #1c GZIP 29ms 415 bytes
Oct 26, 2025 21:24:26.031 [547509321952] DEBUG - [Req#c] Reading 148 bytes in the body, code is 200
Oct 26, 2025 21:24:26.031 [547509321952] DEBUG - [Req#c] [com.plexapp.agents.imdb] Plug-in running on port 41323.
Oct 26, 2025 21:24:26.031 [547509321952] DEBUG - [Req#c] Read configuration for [com.plexapp.agents.imdb], had 0 prefixes
Oct 26, 2025 21:24:26.032 [547509321952] DEBUG - [Req#c] [com.plexapp.agents.imdb] Sending command over HTTP (GET): /:/plugins/com.plexapp.agents.imdb/prefs
Oct 26, 2025 21:24:26.033 [547509321952] DEBUG - [Req#c/HCl#25] HTTP requesting GET http://127.0.0.1:41323/:/plugins/com.plexapp.agents.imdb/prefs
Oct 26, 2025 21:24:26.153 [547549626592] DEBUG - [HttpClient/HCl#25] HTTP/1.1 (0.1s) 200 response from GET http://127.0.0.1:41323/:/plugins/com.plexapp.agents.imdb/prefs
Oct 26, 2025 21:24:26.153 [547509321952] DEBUG - [Req#c] [com.plexapp.agents.imdb] HTTP reply status 200, with 2224 bytes of content.
Oct 26, 2025 21:24:26.155 [547509321952] DEBUG - Caching document http://127.0.0.1:32400/:/plugins/com.plexapp.agents.imdb/prefs as 6ca51cc26cf7bd28ab32cb756d1b5e13cbbf6449
Oct 26, 2025 21:24:26.155 [547509321952] DEBUG - IVA: Downloading trailer lists.
Oct 26, 2025 21:24:26.321 [547509321952] DEBUG - IVA: Downloaded 48 trailers for source 1.
Oct 26, 2025 21:24:26.376 [547509321952] DEBUG - IVA: Downloaded 28 trailers for source 2.
Oct 26, 2025 21:24:27.490 [547492053216] DEBUG - [HCl#28] HTTP requesting GET https://plex.tv/api/v2/shared_sources/owned?machineIdentifier=0ad542dfa553a8e68e686079a0657b0c98909aa4
Oct 26, 2025 21:24:27.836 [547549626592] DEBUG - [HttpClient/HCl#28] HTTP/1.1 (0.3s) 200 response from GET https://plex.tv/api/v2/shared_sources/owned?machineIdentifier=0ad542dfa553a8e68e686079a0657b0c98909aa4 (reused)
Oct 26, 2025 21:24:27.837 [547492053216] DEBUG - [HCl#29] HTTP requesting GET https://plex.tv/api/v2/server/access_tokens?auth_token=xxxxxxxxxxxxxxxxxxxx
Oct 26, 2025 21:24:28.216 [547549626592] DEBUG - [HttpClient/HCl#29] HTTP/1.1 (0.4s) 200 response from GET https://plex.tv/api/v2/server/access_tokens?auth_token=xxxxxxxxxxxxxxxxxxxx (reused)
Oct 26, 2025 21:24:28.217 [547492053216] DEBUG - MyPlex: updating with 15 access tokens
Oct 26, 2025 21:24:28.218 [547492053216] DEBUG - [HCl#2a] HTTP requesting GET https://plex.tv/api/v2/server/users?auth_token=xxxxxxxxxxxxxxxxxxxx
Oct 26, 2025 21:24:28.563 [547549626592] DEBUG - [HttpClient/HCl#2a] HTTP/1.1 (0.3s) 200 response from GET https://plex.tv/api/v2/server/users?auth_token=xxxxxxxxxxxxxxxxxxxx (reused)
Oct 26, 2025 21:24:28.565 [547540963552] DEBUG - [HCl#2b] HTTP requesting GET https://plex.tv/api/v2/server/users/subscriptions?auth_token=xxxxxxxxxxxxxxxxxxxx
Oct 26, 2025 21:24:28.819 [547556843744] WARN - [CERT] TLS connection from [::ffff:192.168.1.100]:47364 came in with unrecognized plex.direct SNI name '192-168-1-69.f99de4651e034442b89020c4f2e25d73.plex.direct'; using installed plex.direct cert
Oct 26, 2025 21:24:28.835 [547558953184] DEBUG - CERT: incomplete TLS handshake from [::ffff:192.168.1.100]:47364: sslv3 alert certificate unknown (SSL routines)
Oct 26, 2025 21:24:28.912 [547549626592] DEBUG - [HttpClient/HCl#2b] HTTP/1.1 (0.3s) 200 response from GET https://plex.tv/api/v2/server/users/subscriptions?auth_token=xxxxxxxxxxxxxxxxxxxx (reused)
Oct 26, 2025 21:24:28.913 [547540963552] DEBUG - MyPlex: no cached data to load for request for https://plex.tv/api/v2/server/users/services?auth_token=xxxxxxxxxxxxxxxxxxxx
Oct 26, 2025 21:24:31.218 [547521978592] DEBUG - [MediaProviderManager] Refreshing media providers
Oct 26, 2025 21:24:31.219 [547521978592] DEBUG - [MediaProviderManager/Response::fetch/HCl#2c] HTTP requesting GET https://plex.tv/media/providers
Oct 26, 2025 21:24:31.573 [547549626592] DEBUG - [HttpClient/HCl#2c] HTTP/1.1 (0.4s) 200 response from GET https://plex.tv/media/providers (reused)
Oct 26, 2025 21:24:31.573 [547521978592] DEBUG - [MediaProviderManager] discovered cloud provider (Movies & Shows)
Oct 26, 2025 21:24:31.573 [547521978592] DEBUG - [MediaProviderManager] discovered cloud provider (Metadata)
Oct 26, 2025 21:24:31.573 [547521978592] DEBUG - [MediaProviderManager] loading cloud provider details (Metadata) (alive: 1)
Oct 26, 2025 21:24:31.573 [547521978592] DEBUG - [MediaProviderManager] loading cloud provider details (Movies & Shows) (alive: 1)
Oct 26, 2025 21:24:31.573 [547521978592] DEBUG - [MediaProviderManager] we had 2 cloud providers online, we now have 2
Oct 26, 2025 21:24:31.573 [547521978592] DEBUG - [MediaProviderManager] cloud provider (Metadata) is online and available
Oct 26, 2025 21:24:31.573 [547521978592] DEBUG - [MediaProviderManager] cloud provider (Movies & Shows) is online and available
Oct 26, 2025 21:24:31.573 [547521978592] DEBUG - [MediaProviderManager] Media provider refresh complete
Oct 26, 2025 21:25:25.831 [547556843744] WARN - [CERT] TLS connection from [::ffff:192.168.1.100]:56602 came in with unrecognized plex.direct SNI name '192-168-1-69.f99de4651e034442b89020c4f2e25d73.plex.direct'; using installed plex.direct cert
Oct 26, 2025 21:25:25.848 [547558953184] DEBUG - CERT: incomplete TLS handshake from [::ffff:192.168.1.100]:56602: sslv3 alert certificate unknown (SSL routines)
Oct 26, 2025 21:25:47.094 [547569148128] DEBUG - Shutting down with signal 15 (Terminated)
Oct 26, 2025 21:25:47.094 [547569148128] DEBUG - Ordered to stop server.
Oct 26, 2025 21:25:47.095 [547569148128] DEBUG - [JobRunner] Job running: /usr/lib/plexmediaserver/CrashUploader --sessionStatus=exited --sessionStart=1761494037 --sessionDuration=110 --version=1.42.2.10156-f737b826c --userId=testprime2069@gmail.com --sentryUrl=https://o17675.ingest.sentry.io/api/1233455/ --sentryKey=xxxxxxxxxxxxxxxxxxxxxxxxxxxxxxxx
Oct 26, 2025 21:25:47.099 [547569148128] DEBUG - [JobRunner] Jobs: Starting child process with pid 373
Oct 26, 2025 21:25:47.101 [547653906464] DEBUG - Stopping server...
Oct 26, 2025 21:25:47.101 [547653906464] DEBUG - HttpServer: Stopping server.
Oct 26, 2025 21:25:47.103 [547492053216] DEBUG - TranscodeJobManager: [Running] onServerShutdown
Oct 26, 2025 21:25:47.103 [547492053216] DEBUG - TranscodeJobManager: [Running] -> [Shutdown]
Oct 26, 2025 21:25:47.104 [547566600416] DEBUG - MetadataItemClusterRequestHandler: a shutdown event has been received
Oct 26, 2025 21:25:47.105 [547653906464] DEBUG - Server stopped.
Oct 26, 2025 21:25:47.105 [547653906464] DEBUG - NetworkService: Stopping advertisement.
Oct 26, 2025 21:25:47.105 [547653906464] DEBUG - Killing plug-ins.
Oct 26, 2025 21:25:47.209 [547653906464] DEBUG - [com.plexapp.agents.imdb] Killing.
Oct 26, 2025 21:25:47.238 [547653906464] DEBUG - [com.plexapp.system] Killing.
Oct 26, 2025 21:25:47.239 [547569148128] WARN - JobManager: Could not find job for handle 321
Oct 26, 2025 21:25:47.253 [547569148128] WARN - JobManager: Could not find job for handle 219
Oct 26, 2025 21:25:47.278 [547653906464] DEBUG - ChildProcessMonitor: Waiting for Plex Tuner Service to exit.
Oct 26, 2025 21:25:47.278 [547653906464] DEBUG - [JobRunner] Signalling job ID 289 with 2
Oct 26, 2025 21:25:47.310 [547569148128] DEBUG - Jobs: '/usr/lib/plexmediaserver/Plex Tuner Service' exit code for process 289 is 0 (success)
Oct 26, 2025 21:25:47.310 [547524088032] DEBUG - [ChildProcessMonitor] Plex Tuner Service exited.
Oct 26, 2025 21:25:47.312 [547653906464] DEBUG - Database: Shutting down.
Oct 26, 2025 21:25:47.362 [547653906464] DEBUG - Database: Shutting down.
