Oct 26, 2025 21:35:08.089 [0x7f8795ab08] INFO - Plex Tuner Service v1.42.2.10156-f737b826c - Docker Docker Container (LinuxServer.io) aarch64 - build: 
Oct 26, 2025 21:35:08.090 [0x7f8795ab08] INFO - Linux version: 6.12.34+rpt-rpi-v8 (#1 SMP PREEMPT Debian 1:6.12.34-1+rpt1~bookworm (2025-06-26)), language: en-US
Oct 26, 2025 21:35:08.090 [0x7f8795ab08] INFO - Processor Unknown architecture
Oct 26, 2025 21:35:08.091 [0x7f8795ab08] INFO - /usr/lib/plexmediaserver/Plex Tuner Service /usr/lib/plexmediaserver/Resources/Tuner/Private /usr/lib/plexmediaserver/Resources/Tuner/Shared 1.42.2.10156-f737b826c 32600
Oct 26, 2025 21:35:08.086 [0x7f898cf890] INFO - [I] broker_t::start...
Oct 26, 2025 21:35:08.104 [0x7f898cf890] INFO - [I] device_manager_t::init.
Oct 26, 2025 21:35:08.104 [0x7f898cf890] INFO - [I] device_manager_t::init. Initialize provider manager
Oct 26, 2025 21:35:08.104 [0x7f898cf890] INFO - [I] device_manager_t::init. Initialize all device auxes
Oct 26, 2025 21:35:08.104 [0x7f898cf890] INFO - [I] dvb_device_factory_t::get_aux_list
Oct 26, 2025 21:35:08.104 [0x7f898cf890] INFO - [I] tvbutler_aux_t::init
Oct 26, 2025 21:35:08.119 [0x7f898cf890] INFO - [I] web_server_t::start. Starting web server on port 32600
Oct 26, 2025 21:35:16.212 [0x7f876f3b08] INFO - [I] web_service_t::process_device_discovery
Oct 26, 2025 21:35:16.212 [0x7f876f3b08] INFO - [I] device_reactor_t::get_device_list ()
Oct 26, 2025 21:35:18.217 [0x7f876f3b08] INFO - [I] SAT2IP - discover_satip_servers(): no servers found
Oct 26, 2025 21:35:18.640 [0x7f876f3b08] INFO - [I] v4l::DeviceGetList_impl. getting v4l device list
Oct 26, 2025 21:35:18.650 [0x7f876f3b08] INFO - [I] onetv_factory::DeviceGetListEx >>
Oct 26, 2025 21:35:18.651 [0x7f876f3b08] WARN - [W] onetv_factory::DeviceGetListEx. libusb_init returned an error -99
Oct 26, 2025 21:36:06.499 [0x7f898cf890] INFO - Received SIGINT: Interrupt from keyboard.
Oct 26, 2025 21:36:06.505 [0x7f898cf890] INFO - [I] device_manager_t::term
Oct 26, 2025 21:36:06.505 [0x7f898cf890] INFO - [I] device_manager_t::term. Stop all devices
Oct 26, 2025 21:36:06.506 [0x7f898cf890] INFO - [I] device_manager_t::term. Shut down all device auxes
Oct 26, 2025 21:36:06.506 [0x7f898cf890] INFO - [I] tvbutler_aux_t::term
Oct 26, 2025 21:36:06.509 [0x7f898cf890] INFO - [I] web_server_t::stop. Web server is stopped
Oct 26, 2025 21:36:06.509 [0x7f898cf890] INFO - [I] device_manager_t::term
Oct 26, 2025 21:36:06.510 [0x7f898cf890] INFO - [I] device_manager_t::term. Stop all devices
Oct 26, 2025 21:36:06.510 [0x7f898cf890] INFO - [I] device_manager_t::term. Shut down all device auxes
Oct 26, 2025 21:36:06.511 [0x7f898cf890] INFO - [I] broker_t::shutdown. Shutdown is completed.
